<?xml version="1.0" encoding="UTF-8"?>
<!-- Generated by org.testng.reporters.JUnitReportReporter -->
<testsuite hostname="LAPTOP-HOME" failures="0" tests="1" name="com.CMS.TestCases.TC_LF_001" time="0.882" errors="0" timestamp="2023-02-14T20:02:33 IST" skipped="0">
  <testcase classname="com.CMS.TestCases.TC_LF_001" name="openLandingPage" time="0.882"/>
  <system-out/>
</testsuite> <!-- com.CMS.TestCases.TC_LF_001 -->
