<?xml version="1.0" encoding="UTF-8"?>
<!-- Generated by org.testng.reporters.JUnitReportReporter -->
<testsuite hostname="LAPTOP-HOME" failures="0" tests="1" name="com.CMS.TestCases.ServiceModuleTestCases" time="1.357" errors="0" timestamp="2023-03-14T15:42:48 IST" skipped="0">
  <testcase classname="com.CMS.TestCases.ServiceModuleTestCases" name="validateChangePasswordFunction" time="1.357"/>
  <system-out/>
</testsuite> <!-- com.CMS.TestCases.ServiceModuleTestCases -->
