<?xml version="1.0" encoding="UTF-8"?>
<!-- Generated by org.testng.reporters.JUnitReportReporter -->
<testsuite hostname="LAPTOP-HOME" failures="0" tests="3" name="com.CMS.TestCases.HomePageTestCases" time="9.123" errors="0" timestamp="2023-03-06T02:06:05 IST" skipped="0">
  <testcase classname="com.CMS.TestCases.HomePageTestCases" name="ginStockDataValidation" time="5.228"/>
  <system-out/>
  <testcase classname="com.CMS.TestCases.HomePageTestCases" name="serviceMenuValidation" time="2.667"/>
  <system-out/>
  <testcase classname="com.CMS.TestCases.HomePageTestCases" name="salesMenuValidation" time="1.228"/>
  <system-out/>
</testsuite> <!-- com.CMS.TestCases.HomePageTestCases -->
