<?xml version="1.0" encoding="UTF-8"?>
<!-- Generated by org.testng.reporters.JUnitReportReporter -->
<testsuite hostname="LAPTOP-HOME" failures="0" tests="27" name="com.CMS.TestCases.TC_LF_002" time="21.933" errors="0" timestamp="2023-02-18T17:59:29 IST" skipped="0">
  <testcase classname="com.CMS.TestCases.TC_LF_002" name="successfulLoginTest" time="1.114"/>
  <system-out/>
  <testcase classname="com.CMS.TestCases.TC_LF_002" name="successfulLoginTest" time="0.509"/>
  <system-out/>
  <testcase classname="com.CMS.TestCases.TC_LF_002" name="successfulLoginTest" time="0.971"/>
  <system-out/>
  <testcase classname="com.CMS.TestCases.TC_LF_002" name="successfulLoginTest" time="1.507"/>
  <system-out/>
  <testcase classname="com.CMS.TestCases.TC_LF_002" name="successfulLoginTest" time="0.445"/>
  <system-out/>
  <testcase classname="com.CMS.TestCases.TC_LF_002" name="successfulLoginTest" time="0.454"/>
  <system-out/>
  <testcase classname="com.CMS.TestCases.TC_LF_002" name="successfulLoginTest" time="1.132"/>
  <system-out/>
  <testcase classname="com.CMS.TestCases.TC_LF_002" name="successfulLoginTest" time="0.539"/>
  <system-out/>
  <testcase classname="com.CMS.TestCases.TC_LF_002" name="successfulLoginTest" time="0.495"/>
  <system-out/>
  <testcase classname="com.CMS.TestCases.TC_LF_002" name="successfulLoginTest" time="0.462"/>
  <system-out/>
  <testcase classname="com.CMS.TestCases.TC_LF_002" name="successfulLoginTest" time="1.106"/>
  <system-out/>
  <testcase classname="com.CMS.TestCases.TC_LF_002" name="successfulLoginTest" time="0.987"/>
  <system-out/>
  <testcase classname="com.CMS.TestCases.TC_LF_002" name="successfulLoginTest" time="0.468"/>
  <system-out/>
  <testcase classname="com.CMS.TestCases.TC_LF_002" name="successfulLoginTest" time="1.845"/>
  <system-out/>
  <testcase classname="com.CMS.TestCases.TC_LF_002" name="successfulLoginTest" time="0.527"/>
  <system-out/>
  <testcase classname="com.CMS.TestCases.TC_LF_002" name="successfulLoginTest" time="1.149"/>
  <system-out/>
  <testcase classname="com.CMS.TestCases.TC_LF_002" name="successfulLoginTest" time="0.963"/>
  <system-out/>
  <testcase classname="com.CMS.TestCases.TC_LF_002" name="successfulLoginTest" time="0.586"/>
  <system-out/>
  <testcase classname="com.CMS.TestCases.TC_LF_002" name="successfulLoginTest" time="0.295"/>
  <system-out/>
  <testcase classname="com.CMS.TestCases.TC_LF_002" name="successfulLoginTest" time="1.839"/>
  <system-out/>
  <testcase classname="com.CMS.TestCases.TC_LF_002" name="successfulLoginTest" time="0.458"/>
  <system-out/>
  <testcase classname="com.CMS.TestCases.TC_LF_002" name="successfulLoginTest" time="0.501"/>
  <system-out/>
  <testcase classname="com.CMS.TestCases.TC_LF_002" name="successfulLoginTest" time="0.497"/>
  <system-out/>
  <testcase classname="com.CMS.TestCases.TC_LF_002" name="successfulLoginTest" time="0.347"/>
  <system-out/>
  <testcase classname="com.CMS.TestCases.TC_LF_002" name="successfulLoginTest" time="1.050"/>
  <system-out/>
  <testcase classname="com.CMS.TestCases.TC_LF_002" name="successfulLoginTest" time="0.497"/>
  <system-out/>
  <testcase classname="com.CMS.TestCases.TC_LF_002" name="successfulLoginTest" time="1.190"/>
  <system-out/>
</testsuite> <!-- com.CMS.TestCases.TC_LF_002 -->
